<?xml version="1.0" encoding="UTF-8"?>
<!-- Generated by org.testng.reporters.JUnitReportReporter -->
<testsuite skipped="0" hostname="m-PC" name="acme1.Invoices" tests="1" failures="0" timestamp="16 Nov 2019 11:18:42 GMT" time="47.575" errors="0">
  <testcase name="findInv" time="47.575" classname="acme1.Invoices"/>
</testsuite> <!-- acme1.Invoices -->
